c:\users\andre\desktop\avaluadorprojectelp\avaluadorprojectelp\debug\vc142.pdb
c:\users\andre\desktop\avaluadorprojectelp\avaluadorprojectelp\debug\vc142.idb
c:\users\andre\desktop\avaluadorprojectelp\avaluadorprojectelp\debug\xml4osmutilmodificat.obj
c:\users\andre\desktop\avaluadorprojectelp\avaluadorprojectelp\debug\util.obj
c:\users\andre\desktop\avaluadorprojectelp\avaluadorprojectelp\debug\puntdeinteresrestaurantsolucio.obj
c:\users\andre\desktop\avaluadorprojectelp\avaluadorprojectelp\debug\puntdeinteresbotigasolucio.obj
c:\users\andre\desktop\avaluadorprojectelp\avaluadorprojectelp\debug\puntdeinteresbase.obj
c:\users\andre\desktop\avaluadorprojectelp\avaluadorprojectelp\debug\mapasolucio.obj
c:\users\andre\desktop\avaluadorprojectelp\avaluadorprojectelp\debug\main.obj
c:\users\andre\desktop\avaluadorprojectelp\avaluadorprojectelp\debug\grafsolucio.obj
c:\users\andre\desktop\avaluadorprojectelp\avaluadorprojectelp\debug\camisolucio.obj
c:\users\andre\desktop\avaluadorprojectelp\avaluadorprojectelp\debug\balltree.obj
c:\users\andre\desktop\avaluadorprojectelp\avaluadorprojectelp\debug\avaluadorprojectelp.ilk
c:\users\andre\desktop\avaluadorprojectelp\debug\avaluadorprojectelp.pdb
c:\users\andre\desktop\avaluadorprojectelp\debug\avaluadorprojectelp.exe
c:\users\andre\desktop\avaluadorprojectelp\avaluadorprojectelp\debug\avaluado.7c87d6c9.tlog\cl.command.1.tlog
c:\users\andre\desktop\avaluadorprojectelp\avaluadorprojectelp\debug\avaluado.7c87d6c9.tlog\cl.read.1.tlog
c:\users\andre\desktop\avaluadorprojectelp\avaluadorprojectelp\debug\avaluado.7c87d6c9.tlog\cl.write.1.tlog
c:\users\andre\desktop\avaluadorprojectelp\avaluadorprojectelp\debug\avaluado.7c87d6c9.tlog\link.command.1.tlog
c:\users\andre\desktop\avaluadorprojectelp\avaluadorprojectelp\debug\avaluado.7c87d6c9.tlog\link.read.1.tlog
c:\users\andre\desktop\avaluadorprojectelp\avaluadorprojectelp\debug\avaluado.7c87d6c9.tlog\link.write.1.tlog
